<?xml version="1.0" encoding="UTF-8"?>
<!-- Generated by org.testng.reporters.JUnitXMLReporter -->
<testsuite ignored="0" hostname="Dnyaneshwar" failures="1" tests="1" name="FailedTest" time="11.106" errors="0" timestamp="2021-10-06T22:24:35 IST">
  <testcase classname="FailedTestCaseScreenshot.CaptureScreenshot" name="captureScreenshot" time="10.976">
    <failure type="java.lang.AssertionError" message="expected [Facebook - लॉग इन किंवा साइन अप] but found [Google]">
      <![CDATA[java.lang.AssertionError: expected [Facebook - लॉग इन किंवा साइन अप] but found [Google]
at FailedTestCaseScreenshot.CaptureScreenshot.captureScreenshot(CaptureScreenshot.java:17)
at java.base/java.util.ArrayList.forEach(ArrayList.java:1511)
... Removed 33 stack frames]]>
    </failure>
  </testcase> <!-- captureScreenshot -->
</testsuite> <!-- FailedTest -->
