<?xml version="1.0" encoding="UTF-8"?>
<!-- Generated by org.testng.reporters.JUnitXMLReporter -->
<testsuite ignored="0" hostname="Dnyaneshwar" failures="0" tests="3" name="Default test" time="0.104" errors="0" timestamp="2022-11-15T10:07:42 IST">
  <testcase classname="TestNGBeforeAfterTest.Demo1" name="addCurrency" time="0.01"/>
  <testcase classname="TestNGBeforeAfterTest.Demo1" name="addProduct" time="0.01"/>
  <testcase classname="TestNGBeforeAfterTest.Demo1" name="addVendor" time="0.005"/>
</testsuite> <!-- Default test -->
