<?xml version="1.0" encoding="UTF-8"?>
<!-- Generated by org.testng.reporters.JUnitXMLReporter -->
<testsuite hostname="Dnyaneshwar" ignored="0" name="Default test" tests="3" failures="0" timestamp="2023-02-07T15:20:57 IST" time="0.122" errors="0">
  <testcase name="addCurrency" time="0.017" classname="TestNGBeforeAfterTest.Demo1"/>
  <testcase name="addProduct" time="0.003" classname="TestNGBeforeAfterTest.Demo1"/>
  <testcase name="addVendor" time="0.017" classname="TestNGBeforeAfterTest.Demo1"/>
</testsuite> <!-- Default test -->
