<?xml version="1.0" encoding="UTF-8"?>
<!-- Generated by org.testng.reporters.JUnitXMLReporter -->
<testsuite hostname="Dnyaneshwar" ignored="0" name="Test" tests="4" failures="0" timestamp="2023-01-24T22:20:13 IST" time="0.245" errors="0">
  <testcase name="testCase2" time="0.04" classname="ParallelTestExecution.ParallelTestExecutionMethods"/>
  <testcase name="testCase1" time="0.016" classname="ParallelTestExecution.ParallelTestExecutionMethods"/>
  <testcase name="testCase3" time="0.016" classname="ParallelTestExecution.ParallelTestExecutionMethods"/>
  <testcase name="testCase4" time="0.024" classname="ParallelTestExecution.ParallelTestExecutionMethods"/>
</testsuite> <!-- Test -->
