<?xml version="1.0" encoding="UTF-8"?>
<!-- Generated by org.testng.reporters.JUnitXMLReporter -->
<testsuite ignored="0" hostname="Dnyaneshwar" failures="0" tests="6" name="Test" time="0.228" errors="0" timestamp="2022-11-15T10:14:23 IST">
  <testcase classname="ParallelTestExecution.ParallelTestExecutionClass1" name="testCase1" time="0.015"/>
  <testcase classname="ParallelTestExecution.ParallelTestExecutionClass1" name="testCase2" time="0.003"/>
  <testcase classname="ParallelTestExecution.ParallelTestExecutionClass2" name="testCase5" time="0.016"/>
  <testcase classname="ParallelTestExecution.ParallelTestExecutionClass2" name="testCase6" time="0.005"/>
  <testcase classname="ParallelTestExecution.ParallelTestExecutionClass1" name="testCase3" time="0.01"/>
  <testcase classname="ParallelTestExecution.ParallelTestExecutionClass1" name="testCase4" time="0.006"/>
</testsuite> <!-- Test -->
