<?xml version="1.0" encoding="UTF-8"?>
<testng-results ignored="0" total="6" passed="6" failed="0" skipped="0">
  <reporter-output>
  </reporter-output>
  <suite started-at="2022-11-15T10:14:23 IST" name="Suite" finished-at="2022-11-15T10:14:23 IST" duration-ms="228">
    <groups>
    </groups>
    <test started-at="2022-11-15T10:14:23 IST" name="Test" finished-at="2022-11-15T10:14:23 IST" duration-ms="228">
      <class name="ParallelTestExecution.ParallelTestExecutionClass1">
        <test-method signature="testCase1()[pri:0, instance:ParallelTestExecution.ParallelTestExecutionClass1@d29f28]" started-at="2022-11-15T10:14:23 IST" name="testCase1" finished-at="2022-11-15T10:14:23 IST" duration-ms="15" status="PASS">
          <reporter-output>
          </reporter-output>
        </test-method> <!-- testCase1 -->
        <test-method signature="testCase2()[pri:0, instance:ParallelTestExecution.ParallelTestExecutionClass1@d29f28]" started-at="2022-11-15T10:14:23 IST" name="testCase2" finished-at="2022-11-15T10:14:23 IST" duration-ms="3" status="PASS">
          <reporter-output>
          </reporter-output>
        </test-method> <!-- testCase2 -->
        <test-method signature="testCase3()[pri:0, instance:ParallelTestExecution.ParallelTestExecutionClass1@d29f28]" started-at="2022-11-15T10:14:23 IST" name="testCase3" finished-at="2022-11-15T10:14:23 IST" duration-ms="10" status="PASS">
          <reporter-output>
          </reporter-output>
        </test-method> <!-- testCase3 -->
        <test-method signature="testCase4()[pri:0, instance:ParallelTestExecution.ParallelTestExecutionClass1@d29f28]" started-at="2022-11-15T10:14:23 IST" name="testCase4" finished-at="2022-11-15T10:14:23 IST" duration-ms="6" status="PASS">
          <reporter-output>
          </reporter-output>
        </test-method> <!-- testCase4 -->
      </class> <!-- ParallelTestExecution.ParallelTestExecutionClass1 -->
      <class name="ParallelTestExecution.ParallelTestExecutionClass2">
        <test-method signature="testCase5()[pri:0, instance:ParallelTestExecution.ParallelTestExecutionClass2@49c7b90e]" started-at="2022-11-15T10:14:23 IST" name="testCase5" finished-at="2022-11-15T10:14:23 IST" duration-ms="16" status="PASS">
          <reporter-output>
          </reporter-output>
        </test-method> <!-- testCase5 -->
        <test-method signature="testCase6()[pri:0, instance:ParallelTestExecution.ParallelTestExecutionClass2@49c7b90e]" started-at="2022-11-15T10:14:23 IST" name="testCase6" finished-at="2022-11-15T10:14:23 IST" duration-ms="5" status="PASS">
          <reporter-output>
          </reporter-output>
        </test-method> <!-- testCase6 -->
      </class> <!-- ParallelTestExecution.ParallelTestExecutionClass2 -->
    </test> <!-- Test -->
  </suite> <!-- Suite -->
</testng-results>
